<?xml version="1.0" encoding="UTF-8"?>
<testng-results ignored="0" total="2" passed="2" failed="0" skipped="0">
  <reporter-output>
  </reporter-output>
  <suite started-at="2025-04-10T15:53:48 EDT" name="Default suite" finished-at="2025-04-10T15:53:52 EDT" duration-ms="3899">
    <groups>
      <group name="cucumber">
        <method signature="AbstractTestNGCucumberTests.runScenario(io.cucumber.testng.PickleWrapper,io.cucumber.testng.FeatureWrapper)[pri:0, instance:cucumber.Options.TestNGTestRunner@6a6cb05c]" name="runScenario" class="io.cucumber.testng.AbstractTestNGCucumberTests"/>
      </group> <!-- cucumber -->
    </groups>
    <test started-at="2025-04-10T15:53:48 EDT" name="Default test" finished-at="2025-04-10T15:53:52 EDT" duration-ms="3899">
      <class name="cucumber.Options.TestNGTestRunner">
        <test-method is-config="true" signature="setUpClass(org.testng.ITestContext)[pri:0, instance:cucumber.Options.TestNGTestRunner@6a6cb05c]" started-at="2025-04-10T15:53:48 EDT" name="setUpClass" finished-at="2025-04-10T15:53:48 EDT" duration-ms="273" status="PASS">
          <params>
            <param index="0">
              <value>
                <![CDATA[org.testng.TestRunner@715fa8c5]]>
              </value>
            </param>
          </params>
          <reporter-output>
          </reporter-output>
        </test-method> <!-- setUpClass -->
        <test-method signature="runScenario(io.cucumber.testng.PickleWrapper,io.cucumber.testng.FeatureWrapper)[pri:0, instance:cucumber.Options.TestNGTestRunner@6a6cb05c]" started-at="2025-04-10T15:53:48 EDT" name="runScenario" description="Runs Cucumber Scenarios" data-provider="scenarios" finished-at="2025-04-10T15:53:51 EDT" duration-ms="3307" status="PASS">
          <params>
            <param index="0">
              <value>
                <![CDATA["Add a user to the application"]]>
              </value>
            </param>
            <param index="1">
              <value>
                <![CDATA["Optional[Adding user to the application]"]]>
              </value>
            </param>
          </params>
          <reporter-output>
          </reporter-output>
        </test-method> <!-- runScenario -->
        <test-method signature="runScenario(io.cucumber.testng.PickleWrapper,io.cucumber.testng.FeatureWrapper)[pri:0, instance:cucumber.Options.TestNGTestRunner@6a6cb05c]" started-at="2025-04-10T15:53:51 EDT" name="runScenario" description="Runs Cucumber Scenarios" data-provider="scenarios" finished-at="2025-04-10T15:53:52 EDT" duration-ms="265" status="PASS">
          <params>
            <param index="0">
              <value>
                <![CDATA["User logs into the application using loginAPI"]]>
              </value>
            </param>
            <param index="1">
              <value>
                <![CDATA["Optional[Login user to the application using loginAPI]"]]>
              </value>
            </param>
          </params>
          <reporter-output>
          </reporter-output>
        </test-method> <!-- runScenario -->
        <test-method is-config="true" signature="tearDownClass()[pri:0, instance:cucumber.Options.TestNGTestRunner@6a6cb05c]" started-at="2025-04-10T15:53:52 EDT" name="tearDownClass" finished-at="2025-04-10T15:53:52 EDT" duration-ms="10" status="PASS">
          <reporter-output>
          </reporter-output>
        </test-method> <!-- tearDownClass -->
      </class> <!-- cucumber.Options.TestNGTestRunner -->
    </test> <!-- Default test -->
  </suite> <!-- Default suite -->
</testng-results>
